<?xml version="1.0" encoding="UTF-8"?>
<testng-results ignored="0" total="1" passed="1" failed="0" skipped="0">
  <reporter-output>
  </reporter-output>
  <suite started-at="2025-04-27T12:03:38 IST" name="Default suite" finished-at="2025-04-27T12:03:38 IST" duration-ms="43">
    <groups>
    </groups>
    <test started-at="2025-04-27T12:03:38 IST" name="Default test" finished-at="2025-04-27T12:03:38 IST" duration-ms="43">
      <class name="com.java.practice.BasicsOfJava">
        <test-method signature="addTwoNumbers()[pri:0, instance:com.java.practice.BasicsOfJava@70e38ce1]" started-at="2025-04-27T12:03:38 IST" name="addTwoNumbers" finished-at="2025-04-27T12:03:38 IST" duration-ms="9" status="PASS">
          <reporter-output>
          </reporter-output>
        </test-method> <!-- addTwoNumbers -->
      </class> <!-- com.java.practice.BasicsOfJava -->
    </test> <!-- Default test -->
  </suite> <!-- Default suite -->
</testng-results>
